<?xml version="1.0" encoding="UTF-8"?>
<coverage generated="1680465097227" clover="3.2.0">
  <project timestamp="1680465097227" name="All files">
    <metrics statements="8" coveredstatements="8" conditionals="6" coveredconditionals="6" methods="1" coveredmethods="1" elements="15" coveredelements="15" complexity="0" loc="8" ncloc="8" packages="1" files="1" classes="1"/>
    <file name="shapes.js" path="C:\Users\Matth\Documents\Bootcamp\homework\homework-10\lib\shapes.js">
      <metrics statements="8" coveredstatements="8" conditionals="6" coveredconditionals="6" methods="1" coveredmethods="1"/>
      <line num="3" count="4" type="cond" truecount="2" falsecount="0"/>
      <line num="4" count="1" type="stmt"/>
      <line num="5" count="3" type="cond" truecount="2" falsecount="0"/>
      <line num="6" count="1" type="stmt"/>
      <line num="7" count="2" type="cond" truecount="2" falsecount="0"/>
      <line num="8" count="1" type="stmt"/>
      <line num="9" count="1" type="stmt"/>
      <line num="12" count="1" type="stmt"/>
    </file>
  </project>
</coverage>
